<?xml version="1.0" encoding="UTF-8"?>
<testng-results ignored="0" total="1" passed="1" failed="0" skipped="0">
  <reporter-output>
    <line>
      <![CDATA[database connected]]>
    </line>
    <line>
      <![CDATA[browser launched]]>
    </line>
    <line>
      <![CDATA[logged in successfully]]>
    </line>
    <line>
      <![CDATA[logout successfully]]>
    </line>
    <line>
      <![CDATA[browser closed]]>
    </line>
    <line>
      <![CDATA[database disconnected]]>
    </line>
  </reporter-output>
  <suite started-at="2023-05-11T10:50:18 IST" name="Default suite" finished-at="2023-05-11T10:50:53 IST" duration-ms="34702">
    <groups>
    </groups>
    <test started-at="2023-05-11T10:50:18 IST" name="Default test" finished-at="2023-05-11T10:50:53 IST" duration-ms="34702">
      <class name="com.Actitime.TestScripts.Task">
        <test-method is-config="true" signature="databaseconnection()[pri:0, instance:com.Actitime.TestScripts.Task@2b91004a]" started-at="2023-05-11T10:50:18 IST" name="databaseconnection" finished-at="2023-05-11T10:50:18 IST" duration-ms="5" status="PASS">
          <reporter-output>
            <line>
              <![CDATA[database connected]]>
            </line>
          </reporter-output>
        </test-method> <!-- databaseconnection -->
        <test-method is-config="true" signature="launchBrowser()[pri:0, instance:com.Actitime.TestScripts.Task@2b91004a]" started-at="2023-05-11T10:50:18 IST" name="launchBrowser" finished-at="2023-05-11T10:50:37 IST" duration-ms="19398" status="PASS">
          <reporter-output>
            <line>
              <![CDATA[browser launched]]>
            </line>
          </reporter-output>
        </test-method> <!-- launchBrowser -->
        <test-method is-config="true" signature="login()[pri:0, instance:com.Actitime.TestScripts.Task@2b91004a]" started-at="2023-05-11T10:50:37 IST" name="login" finished-at="2023-05-11T10:50:38 IST" duration-ms="392" status="PASS">
          <reporter-output>
            <line>
              <![CDATA[logged in successfully]]>
            </line>
          </reporter-output>
        </test-method> <!-- login -->
        <test-method signature="CreateCustomer()[pri:0, instance:com.Actitime.TestScripts.Task@2b91004a]" started-at="2023-05-11T10:50:38 IST" name="CreateCustomer" finished-at="2023-05-11T10:50:49 IST" duration-ms="11703" status="PASS">
          <reporter-output>
          </reporter-output>
        </test-method> <!-- CreateCustomer -->
        <test-method is-config="true" signature="logout()[pri:0, instance:com.Actitime.TestScripts.Task@2b91004a]" started-at="2023-05-11T10:50:49 IST" name="logout" finished-at="2023-05-11T10:50:52 IST" duration-ms="2869" status="PASS">
          <reporter-output>
            <line>
              <![CDATA[logout successfully]]>
            </line>
          </reporter-output>
        </test-method> <!-- logout -->
        <test-method is-config="true" signature="closebrowser()[pri:0, instance:com.Actitime.TestScripts.Task@2b91004a]" started-at="2023-05-11T10:50:52 IST" name="closebrowser" finished-at="2023-05-11T10:50:53 IST" duration-ms="302" status="PASS">
          <reporter-output>
            <line>
              <![CDATA[browser closed]]>
            </line>
          </reporter-output>
        </test-method> <!-- closebrowser -->
        <test-method is-config="true" signature="databasedisconnected()[pri:0, instance:com.Actitime.TestScripts.Task@2b91004a]" started-at="2023-05-11T10:50:53 IST" name="databasedisconnected" finished-at="2023-05-11T10:50:53 IST" duration-ms="0" status="PASS">
          <reporter-output>
            <line>
              <![CDATA[database disconnected]]>
            </line>
          </reporter-output>
        </test-method> <!-- databasedisconnected -->
      </class> <!-- com.Actitime.TestScripts.Task -->
    </test> <!-- Default test -->
  </suite> <!-- Default suite -->
</testng-results>
